Using pre-set license
Built from '2022.3/staging' branch; Version is '2022.3.10f1 (ff3792e53c62) revision 16725906'; Using compiler version '192829333'; Build Type 'Release'
OS: 'Windows 11  (10.0.22631) 64bit Education' Language: 'en' Physical Memory: 32688 MB
BatchMode: 1, IsHumanControllingUs: 0, StartBugReporterOnCrash: 0, Is64bit: 1, IsPro: 1

COMMAND LINE ARGUMENTS:
C:\Program Files\Unity\Hub\Editor\2022.3.10f1\Editor\Unity.exe
-adb2
-batchMode
-noUpm
-name
AssetImportWorker0
-projectPath
C:/Users/DSR35/Downloads/FPS-Game-main/FPS-Game-main/FPS Game
-logFile
Logs/AssetImportWorker0.log
-srvPort
50808
Successfully changed project path to: C:/Users/DSR35/Downloads/FPS-Game-main/FPS-Game-main/FPS Game
C:/Users/DSR35/Downloads/FPS-Game-main/FPS-Game-main/FPS Game
[UnityMemory] Configuration Parameters - Can be set up in boot.config
    "memorysetup-bucket-allocator-granularity=16"
    "memorysetup-bucket-allocator-bucket-count=8"
    "memorysetup-bucket-allocator-block-size=33554432"
    "memorysetup-bucket-allocator-block-count=8"
    "memorysetup-main-allocator-block-size=16777216"
    "memorysetup-thread-allocator-block-size=16777216"
    "memorysetup-gfx-main-allocator-block-size=16777216"
    "memorysetup-gfx-thread-allocator-block-size=16777216"
    "memorysetup-cache-allocator-block-size=4194304"
    "memorysetup-typetree-allocator-block-size=2097152"
    "memorysetup-profiler-bucket-allocator-granularity=16"
    "memorysetup-profiler-bucket-allocator-bucket-count=8"
    "memorysetup-profiler-bucket-allocator-block-size=33554432"
    "memorysetup-profiler-bucket-allocator-block-count=8"
    "memorysetup-profiler-allocator-block-size=16777216"
    "memorysetup-profiler-editor-allocator-block-size=1048576"
    "memorysetup-temp-allocator-size-main=16777216"
    "memorysetup-job-temp-allocator-block-size=2097152"
    "memorysetup-job-temp-allocator-block-size-background=1048576"
    "memorysetup-job-temp-allocator-reduction-small-platforms=262144"
    "memorysetup-allocator-temp-initial-block-size-main=262144"
    "memorysetup-allocator-temp-initial-block-size-worker=262144"
    "memorysetup-temp-allocator-size-background-worker=32768"
    "memorysetup-temp-allocator-size-job-worker=262144"
    "memorysetup-temp-allocator-size-preload-manager=33554432"
    "memorysetup-temp-allocator-size-nav-mesh-worker=65536"
    "memorysetup-temp-allocator-size-audio-worker=65536"
    "memorysetup-temp-allocator-size-cloud-worker=32768"
    "memorysetup-temp-allocator-size-gi-baking-worker=262144"
    "memorysetup-temp-allocator-size-gfx=262144"
Player connection [9416] Host "[IP] 130.49.24.127 [Port] 0 [Flags] 2 [Guid] 1387741299 [EditorId] 1387741299 [Version] 1048832 [Id] WindowsEditor(7,Razputin) [Debug] 1 [PackageName] WindowsEditor [ProjectName] Editor" joined multi-casting on [225.0.0.222:54997]...

Player connection [9416] Host "[IP] 130.49.24.127 [Port] 0 [Flags] 2 [Guid] 1387741299 [EditorId] 1387741299 [Version] 1048832 [Id] WindowsEditor(7,Razputin) [Debug] 1 [PackageName] WindowsEditor [ProjectName] Editor" joined alternative multi-casting on [225.0.0.222:34997]...

[Physics::Module] Initialized MultithreadedJobDispatcher with 23 workers.
Refreshing native plugins compatible for Editor in 861.91 ms, found 3 plugins.
Preloading 0 native plugins for Editor in 0.00 ms.
Initialize engine version: 2022.3.10f1 (ff3792e53c62)
[Subsystems] Discovering subsystems at path C:/Program Files/Unity/Hub/Editor/2022.3.10f1/Editor/Data/Resources/UnitySubsystems
[Subsystems] Discovering subsystems at path C:/Users/DSR35/Downloads/FPS-Game-main/FPS-Game-main/FPS Game/Assets
GfxDevice: creating device client; threaded=0; jobified=0
Direct3D:
    Version:  Direct3D 11.0 [level 11.1]
    Renderer: AMD Radeon RX 6800 XT (ID=0x73bf)
    Vendor:   ATI
    VRAM:     16338 MB
    Driver:   31.0.14070.0
Initialize mono
Mono path[0] = 'C:/Program Files/Unity/Hub/Editor/2022.3.10f1/Editor/Data/Managed'
Mono path[1] = 'C:/Program Files/Unity/Hub/Editor/2022.3.10f1/Editor/Data/MonoBleedingEdge/lib/mono/unityjit-win32'
Mono config path = 'C:/Program Files/Unity/Hub/Editor/2022.3.10f1/Editor/Data/MonoBleedingEdge/etc'
Using monoOptions --debugger-agent=transport=dt_socket,embedding=1,server=y,suspend=n,address=127.0.0.1:56996
Begin MonoManager ReloadAssembly
Registering precompiled unity dll's ...
Register platform support module: C:/Program Files/Unity/Hub/Editor/2022.3.10f1/Editor/Data/PlaybackEngines/WindowsStandaloneSupport/UnityEditor.WindowsStandalone.Extensions.dll
Registered in 0.079006 seconds.
- Loaded All Assemblies, in  4.230 seconds
Native extension for WindowsStandalone target not found
Mono: successfully reloaded assembly
- Finished resetting the current domain, in  0.203 seconds
Domain Reload Profiling: 4432ms
	BeginReloadAssembly (3236ms)
		ExecutionOrderSort (0ms)
		DisableScriptedObjects (0ms)
		BackupInstance (0ms)
		ReleaseScriptingObjects (0ms)
		CreateAndSetChildDomain (1ms)
	RebuildCommonClasses (291ms)
	RebuildNativeTypeToScriptingClass (8ms)
	initialDomainReloadingComplete (121ms)
	LoadAllAssembliesAndSetupDomain (573ms)
		LoadAssemblies (3235ms)
		RebuildTransferFunctionScriptingTraits (0ms)
		AnalyzeDomain (572ms)
			TypeCache.Refresh (570ms)
				TypeCache.ScanAssembly (389ms)
			ScanForSourceGeneratedMonoScriptInfo (0ms)
			ResolveRequiredComponents (0ms)
	FinalizeReload (203ms)
		ReleaseScriptCaches (0ms)
		RebuildScriptCaches (0ms)
		SetupLoadedEditorAssemblies (159ms)
			LogAssemblyErrors (0ms)
			InitializePlatformSupportModulesInManaged (7ms)
			SetLoadedEditorAssemblies (5ms)
			RefreshPlugins (0ms)
			BeforeProcessingInitializeOnLoad (2ms)
			ProcessInitializeOnLoadAttributes (98ms)
			ProcessInitializeOnLoadMethodAttributes (47ms)
			AfterProcessingInitializeOnLoad (0ms)
			EditorAssembliesLoaded (0ms)
		ExecutionOrderSort2 (0ms)
		AwakeInstancesAfterBackupRestoration (0ms)
========================================================================
Worker process is ready to serve import requests
Begin MonoManager ReloadAssembly
- Loaded All Assemblies, in  2.181 seconds
Refreshing native plugins compatible for Editor in 2.95 ms, found 3 plugins.
Native extension for WindowsStandalone target not found
Package Manager log level set to [2]
[Package Manager] Server::EnsureServerProcessIsRunning -- launch failed, reason: Unity was launched with the -noUpm command-line argument
[Package Manager] UpmClient::Send -- Unable to send message (not connected to UPM process).
[Package Manager] Cannot connect to Unity Package Manager local server
Mono: successfully reloaded assembly
- Finished resetting the current domain, in  0.544 seconds
Domain Reload Profiling: 2722ms
	BeginReloadAssembly (128ms)
		ExecutionOrderSort (0ms)
		DisableScriptedObjects (5ms)
		BackupInstance (0ms)
		ReleaseScriptingObjects (0ms)
		CreateAndSetChildDomain (19ms)
	RebuildCommonClasses (26ms)
	RebuildNativeTypeToScriptingClass (8ms)
	initialDomainReloadingComplete (37ms)
	LoadAllAssembliesAndSetupDomain (1978ms)
		LoadAssemblies (1652ms)
		RebuildTransferFunctionScriptingTraits (0ms)
		AnalyzeDomain (400ms)
			TypeCache.Refresh (382ms)
				TypeCache.ScanAssembly (330ms)
			ScanForSourceGeneratedMonoScriptInfo (13ms)
			ResolveRequiredComponents (4ms)
	FinalizeReload (545ms)
		ReleaseScriptCaches (0ms)
		RebuildScriptCaches (0ms)
		SetupLoadedEditorAssemblies (421ms)
			LogAssemblyErrors (0ms)
			InitializePlatformSupportModulesInManaged (5ms)
			SetLoadedEditorAssemblies (3ms)
			RefreshPlugins (0ms)
			BeforeProcessingInitializeOnLoad (52ms)
			ProcessInitializeOnLoadAttributes (341ms)
			ProcessInitializeOnLoadMethodAttributes (15ms)
			AfterProcessingInitializeOnLoad (5ms)
			EditorAssembliesLoaded (0ms)
		ExecutionOrderSort2 (0ms)
		AwakeInstancesAfterBackupRestoration (6ms)
Launched and connected shader compiler UnityShaderCompiler.exe after 0.06 seconds
Refreshing native plugins compatible for Editor in 3.50 ms, found 3 plugins.
Preloading 0 native plugins for Editor in 0.00 ms.
Unloading 3455 Unused Serialized files (Serialized files now loaded: 0)
Unloading 38 unused Assets / (56.8 KB). Loaded Objects now: 3920.
Memory consumption went from 122.6 MB to 122.5 MB.
Total: 3.854100 ms (FindLiveObjects: 0.261400 ms CreateObjectMapping: 0.159900 ms MarkObjects: 3.335900 ms  DeleteObjects: 0.096300 ms)

AssetImportParameters requested are different than current active one (requested -> active):
  custom:container-demuxer-ogg: 62fdf1f143b41e24485cea50d1cbac27 -> 
  custom:video-codec-MediaFoundation-h265: 746d11721c4dcdbdad8f713fa42b33f4 -> 
  custom:video-decoder-ogg-theora: a1e56fd34408186e4bbccfd4996cb3dc -> 
  custom:framework-win-MediaFoundation: 216162199b28c13a410421893ffa2e32 -> 
  custom:CustomObjectIndexerAttribute: 756ad292c208cfabdd7b50bc23989ffe -> 
  custom:container-demuxer-webm: 4f35f7cbe854078d1ac9338744f61a02 -> 
  custom:container-muxer-webm: aa71ff27fc2769a1b78a27578f13a17b -> 
  custom:video-decoder-webm-vp8: 9c59270c3fd7afecdb556c50c9e8de78 -> 
  custom:SearchIndexIgnoredProperties: e643bd26f0fe6173181afceb89e7c659 -> 
  custom:AudioImporter_EditorPlatform: d09bf68614088b80899f8185d706f6e7 -> 
  custom:video-encoder-webm-vp8: eb34c28f22e8b96e1ab97ce403110664 -> 
  custom:audio-decoder-ogg-vorbis: bf7c407c2cedff20999df2af8eb42d56 -> 
  custom:audio-encoder-webm-vorbis: bf7c407c2cedff20999df2af8eb42d56 -> 
========================================================================
Received Import Request.
  Time since last request: 5128.554508 seconds.
  path: Assets/Packages/stone_floor_texture/Stone_floor_09.png
  artifactKey: Guid(6cac73f2a8fa6ce42b25c745285032ec) Importer(815301076,1909f56bfc062723c751e8b465ee728b)
Start importing Assets/Packages/stone_floor_texture/Stone_floor_09.png using Guid(6cac73f2a8fa6ce42b25c745285032ec) Importer(815301076,1909f56bfc062723c751e8b465ee728b)  -> (artifact id: 'ae1c44778db718dd7583c7b9d44334a8') in 0.053479 seconds
Number of updated asset objects reloaded before import = 0
Number of asset objects unloaded after import = 2
========================================================================
Received Import Request.
  Time since last request: 158.353761 seconds.
  path: Assets/Packages/stone_floor_texture/Stone_floor_09.mat
  artifactKey: Guid(6f3b764d69dc4d04d8e2ce516d2dfaa3) Importer(815301076,1909f56bfc062723c751e8b465ee728b)
Start importing Assets/Packages/stone_floor_texture/Stone_floor_09.mat using Guid(6f3b764d69dc4d04d8e2ce516d2dfaa3) Importer(815301076,1909f56bfc062723c751e8b465ee728b)  -> (artifact id: '8f37d83d275814b4ae318360c122c149') in 0.147193 seconds
Number of updated asset objects reloaded before import = 0
Number of asset objects unloaded after import = 2
========================================================================
Received Import Request.
  Time since last request: 10.015255 seconds.
  path: Assets/Pack Free 3
  artifactKey: Guid(6a03dc35c16640e4181734c29fa649e8) Importer(815301076,1909f56bfc062723c751e8b465ee728b)
Start importing Assets/Pack Free 3 using Guid(6a03dc35c16640e4181734c29fa649e8) Importer(815301076,1909f56bfc062723c751e8b465ee728b)  -> (artifact id: 'd1341b8804cd602a084a046cb0de805f') in 0.000486 seconds
Number of updated asset objects reloaded before import = 0
Number of asset objects unloaded after import = 0
========================================================================
Received Import Request.
  Time since last request: 4.214943 seconds.
  path: Assets/Packages/Pack Free 3/Textures
  artifactKey: Guid(588c6fb08e534bc4eb17e87ca3df0689) Importer(815301076,1909f56bfc062723c751e8b465ee728b)
Start importing Assets/Packages/Pack Free 3/Textures using Guid(588c6fb08e534bc4eb17e87ca3df0689) Importer(815301076,1909f56bfc062723c751e8b465ee728b)  -> (artifact id: 'e9f6a3b0de17f3476d6dec382a5ef94c') in 0.000449 seconds
Number of updated asset objects reloaded before import = 0
Number of asset objects unloaded after import = 0
========================================================================
Received Import Request.
  Time since last request: 6.493123 seconds.
  path: Assets/Packages/Pack Free 3/Textures/Tile 3
  artifactKey: Guid(71fcf815463bc814882aac85259a0416) Importer(815301076,1909f56bfc062723c751e8b465ee728b)
Start importing Assets/Packages/Pack Free 3/Textures/Tile 3 using Guid(71fcf815463bc814882aac85259a0416) Importer(815301076,1909f56bfc062723c751e8b465ee728b)  -> (artifact id: 'a547f7311b6817d78e0a42ec89c86201') in 0.000452 seconds
Number of updated asset objects reloaded before import = 0
Number of asset objects unloaded after import = 0
========================================================================
Received Import Request.
  Time since last request: 0.091099 seconds.
  path: Assets/Packages/Pack Free 3/Textures/Tile 3/T_Pack_Free_Tile_3_ambientocclusion.tga
  artifactKey: Guid(59a28e96ada0d3740be04026c450046d) Importer(815301076,1909f56bfc062723c751e8b465ee728b)
Start importing Assets/Packages/Pack Free 3/Textures/Tile 3/T_Pack_Free_Tile_3_ambientocclusion.tga using Guid(59a28e96ada0d3740be04026c450046d) Importer(815301076,1909f56bfc062723c751e8b465ee728b)  -> (artifact id: 'b04e8e6fdadc5f925f2922c171b5ea89') in 0.019092 seconds
Number of updated asset objects reloaded before import = 0
Number of asset objects unloaded after import = 2
========================================================================
Received Import Request.
  Time since last request: 0.000021 seconds.
  path: Assets/Packages/Pack Free 3/Textures/Tile 3/T_Pack_Free_Tile_3_height.tga
  artifactKey: Guid(1a5d03bf2b12e0b4e988fbd60c371524) Importer(815301076,1909f56bfc062723c751e8b465ee728b)
Start importing Assets/Packages/Pack Free 3/Textures/Tile 3/T_Pack_Free_Tile_3_height.tga using Guid(1a5d03bf2b12e0b4e988fbd60c371524) Importer(815301076,1909f56bfc062723c751e8b465ee728b)  -> (artifact id: '65a50dd2f74b86550ba70364921a1cf4') in 0.020961 seconds
Number of updated asset objects reloaded before import = 0
Number of asset objects unloaded after import = 2
========================================================================
Received Import Request.
  Time since last request: 0.000017 seconds.
  path: Assets/Packages/Pack Free 3/Textures/Tile 3/T_Pack_Free_Tile_3_roughness.tga
  artifactKey: Guid(029022f057a3e964a907f1f7a64d7dd7) Importer(815301076,1909f56bfc062723c751e8b465ee728b)
Start importing Assets/Packages/Pack Free 3/Textures/Tile 3/T_Pack_Free_Tile_3_roughness.tga using Guid(029022f057a3e964a907f1f7a64d7dd7) Importer(815301076,1909f56bfc062723c751e8b465ee728b)  -> (artifact id: '1a0da1326d5a37336073c714008f678d') in 0.018162 seconds
Number of updated asset objects reloaded before import = 0
Number of asset objects unloaded after import = 2
========================================================================
Received Import Request.
  Time since last request: 236.696812 seconds.
  path: Assets/Packages/Pack Free 3/Textures/Stone 3/T_Pack_Free_Stone_3_basecolor.tga
  artifactKey: Guid(b2e83cefca0a61d4a9b804b29a1ce311) Importer(815301076,1909f56bfc062723c751e8b465ee728b)
Start importing Assets/Packages/Pack Free 3/Textures/Stone 3/T_Pack_Free_Stone_3_basecolor.tga using Guid(b2e83cefca0a61d4a9b804b29a1ce311) Importer(815301076,1909f56bfc062723c751e8b465ee728b)  -> (artifact id: 'd1aa8fe4df4403009ad0d427f36600ee') in 0.016584 seconds
Number of updated asset objects reloaded before import = 0
Number of asset objects unloaded after import = 2
========================================================================
Received Import Request.
  Time since last request: 0.000062 seconds.
  path: Assets/Packages/Pack Free 3/Textures/Stone 3/T_Pack_Free_Stone_3_height.tga
  artifactKey: Guid(713dc7ee8d7ff8d4fbe5371be6f7b1b6) Importer(815301076,1909f56bfc062723c751e8b465ee728b)
Start importing Assets/Packages/Pack Free 3/Textures/Stone 3/T_Pack_Free_Stone_3_height.tga using Guid(713dc7ee8d7ff8d4fbe5371be6f7b1b6) Importer(815301076,1909f56bfc062723c751e8b465ee728b)  -> (artifact id: '719c72d0ffcea36e5cca823bd150bd0e') in 0.021615 seconds
Number of updated asset objects reloaded before import = 0
Number of asset objects unloaded after import = 2
========================================================================
Received Import Request.
  Time since last request: 0.000018 seconds.
  path: Assets/Packages/Pack Free 3/Textures/Stone 3/T_Pack_Free_Stone_3_normal.tga
  artifactKey: Guid(a6cbd3b88b059d54696441ce2c799b11) Importer(815301076,1909f56bfc062723c751e8b465ee728b)
Start importing Assets/Packages/Pack Free 3/Textures/Stone 3/T_Pack_Free_Stone_3_normal.tga using Guid(a6cbd3b88b059d54696441ce2c799b11) Importer(815301076,1909f56bfc062723c751e8b465ee728b)  -> (artifact id: '8053b416da2708bd56c123e9c30d360c') in 0.022401 seconds
Number of updated asset objects reloaded before import = 0
Number of asset objects unloaded after import = 2
========================================================================
Received Import Request.
  Time since last request: 26.273473 seconds.
  path: Assets/Packages/Pack Free 3/Textures/Stone 3/Materials/T_Pack_Free_Stone_3_basecolor.mat
  artifactKey: Guid(57ef3f05d0d58f244998ad8cfb26b747) Importer(815301076,1909f56bfc062723c751e8b465ee728b)
Start importing Assets/Packages/Pack Free 3/Textures/Stone 3/Materials/T_Pack_Free_Stone_3_basecolor.mat using Guid(57ef3f05d0d58f244998ad8cfb26b747) Importer(815301076,1909f56bfc062723c751e8b465ee728b)  -> (artifact id: '02c25aa87e673023d333c7a1410b4701') in 0.043060 seconds
Number of updated asset objects reloaded before import = 0
Number of asset objects unloaded after import = 2
========================================================================
Received Import Request.
  Time since last request: 7.051654 seconds.
  path: Assets/Packages/Pack Free 3/Materials/Stone 3.mat
  artifactKey: Guid(102bc67da4318f943be238f86973309b) Importer(815301076,1909f56bfc062723c751e8b465ee728b)
Start importing Assets/Packages/Pack Free 3/Materials/Stone 3.mat using Guid(102bc67da4318f943be238f86973309b) Importer(815301076,1909f56bfc062723c751e8b465ee728b)  -> (artifact id: '0e7c38fc1b094a594dc0a4934900a596') in 0.217844 seconds
Number of updated asset objects reloaded before import = 0
Number of asset objects unloaded after import = 6
========================================================================
Received Import Request.
  Time since last request: 0.000022 seconds.
  path: Assets/Packages/Pack Free 3/Materials/Wall 3.mat
  artifactKey: Guid(2428ad5a460db654c9fecbbac5ecd209) Importer(815301076,1909f56bfc062723c751e8b465ee728b)
Start importing Assets/Packages/Pack Free 3/Materials/Wall 3.mat using Guid(2428ad5a460db654c9fecbbac5ecd209) Importer(815301076,1909f56bfc062723c751e8b465ee728b)  -> (artifact id: 'e63ee9433c63da50b10ac6cc19e0f9d1') in 0.032816 seconds
Number of updated asset objects reloaded before import = 0
Number of asset objects unloaded after import = 6
========================================================================
Received Import Request.
  Time since last request: 117.642744 seconds.
  path: Assets/Packages/Pack Free 3/Textures/Wall 3/T_Pack_Free_Wall_3_basecolor.tga
  artifactKey: Guid(4195a272323d4c64786ec6a0c300c624) Importer(815301076,1909f56bfc062723c751e8b465ee728b)
Start importing Assets/Packages/Pack Free 3/Textures/Wall 3/T_Pack_Free_Wall_3_basecolor.tga using Guid(4195a272323d4c64786ec6a0c300c624) Importer(815301076,1909f56bfc062723c751e8b465ee728b)  -> (artifact id: '668d7f1860ec4e16e11f05abdd8cd10f') in 0.015863 seconds
Number of updated asset objects reloaded before import = 0
Number of asset objects unloaded after import = 2
========================================================================
Received Import Request.
  Time since last request: 0.000034 seconds.
  path: Assets/Packages/Pack Free 3/Textures/Wall 3/T_Pack_Free_Wall_3_roughness.tga
  artifactKey: Guid(d4d9a890fe0e10f44b1aebc108c6c15c) Importer(815301076,1909f56bfc062723c751e8b465ee728b)
Start importing Assets/Packages/Pack Free 3/Textures/Wall 3/T_Pack_Free_Wall_3_roughness.tga using Guid(d4d9a890fe0e10f44b1aebc108c6c15c) Importer(815301076,1909f56bfc062723c751e8b465ee728b)  -> (artifact id: 'd526ad6e84eea538e4fcad5a576918ba') in 0.020562 seconds
Number of updated asset objects reloaded before import = 0
Number of asset objects unloaded after import = 2
========================================================================
Received Import Request.
  Time since last request: 13.970083 seconds.
  path: Assets/Packages/Pack Free 3/Textures/Wooden Floor 3/T_Pack_Free_Wooden_Floor_3_height.tga
  artifactKey: Guid(8b6879218fa357f46957082901371984) Importer(815301076,1909f56bfc062723c751e8b465ee728b)
Start importing Assets/Packages/Pack Free 3/Textures/Wooden Floor 3/T_Pack_Free_Wooden_Floor_3_height.tga using Guid(8b6879218fa357f46957082901371984) Importer(815301076,1909f56bfc062723c751e8b465ee728b)  -> (artifact id: '4b5b223fa82d63f4675a27c769d8bfea') in 0.017735 seconds
Number of updated asset objects reloaded before import = 0
Number of asset objects unloaded after import = 2
========================================================================
Received Import Request.
  Time since last request: 0.000013 seconds.
  path: Assets/Packages/Pack Free 3/Textures/Wooden Floor 3/T_Pack_Free_Wooden_Floor_3_roughness.tga
  artifactKey: Guid(df538335df6f7564a865edbaa2fbf298) Importer(815301076,1909f56bfc062723c751e8b465ee728b)
Start importing Assets/Packages/Pack Free 3/Textures/Wooden Floor 3/T_Pack_Free_Wooden_Floor_3_roughness.tga using Guid(df538335df6f7564a865edbaa2fbf298) Importer(815301076,1909f56bfc062723c751e8b465ee728b)  -> (artifact id: 'a939076166bc0a5a43ab5358890bceed') in 0.019104 seconds
Number of updated asset objects reloaded before import = 0
Number of asset objects unloaded after import = 2
========================================================================
Received Import Request.
  Time since last request: 155.506277 seconds.
  path: Assets/Packages/Stylized Brick Materials/Materials/M_Brick01_Variant01.mat
  artifactKey: Guid(339957fc03bb06d498d1ba479112ba48) Importer(815301076,1909f56bfc062723c751e8b465ee728b)
Start importing Assets/Packages/Stylized Brick Materials/Materials/M_Brick01_Variant01.mat using Guid(339957fc03bb06d498d1ba479112ba48) Importer(815301076,1909f56bfc062723c751e8b465ee728b)  -> (artifact id: 'b596811d1e2e8645bbc66b8353c2d4d2') in 0.230745 seconds
Number of updated asset objects reloaded before import = 0
Number of asset objects unloaded after import = 6
========================================================================
Received Import Request.
  Time since last request: 0.000017 seconds.
  path: Assets/Packages/Stylized Brick Materials/Materials/M_Brick05_V1.mat
  artifactKey: Guid(e87ae93f4b161ad4d823b9960e55f44b) Importer(815301076,1909f56bfc062723c751e8b465ee728b)
Start importing Assets/Packages/Stylized Brick Materials/Materials/M_Brick05_V1.mat using Guid(e87ae93f4b161ad4d823b9960e55f44b) Importer(815301076,1909f56bfc062723c751e8b465ee728b)  -> (artifact id: 'a31136ae5455f939b001602ba8e99a17') in 0.029139 seconds
Number of updated asset objects reloaded before import = 0
Number of asset objects unloaded after import = 6
========================================================================
Received Import Request.
  Time since last request: 0.000023 seconds.
  path: Assets/Packages/Stylized Brick Materials/Materials/M_Stone02_Variant03.mat
  artifactKey: Guid(2c1dda915acb33641b57cf966bff604b) Importer(815301076,1909f56bfc062723c751e8b465ee728b)
Start importing Assets/Packages/Stylized Brick Materials/Materials/M_Stone02_Variant03.mat using Guid(2c1dda915acb33641b57cf966bff604b) Importer(815301076,1909f56bfc062723c751e8b465ee728b)  -> (artifact id: '65ea9a1bd595a69e8c8bf9c56a03f9bb') in 0.023547 seconds
Number of updated asset objects reloaded before import = 0
Number of asset objects unloaded after import = 6
========================================================================
Received Import Request.
  Time since last request: 0.000016 seconds.
  path: Assets/Packages/Stylized Brick Materials/Materials/M_Brick03_Variant03.mat
  artifactKey: Guid(bf48e5838a3489f4da8803ab6cd83f61) Importer(815301076,1909f56bfc062723c751e8b465ee728b)
Start importing Assets/Packages/Stylized Brick Materials/Materials/M_Brick03_Variant03.mat using Guid(bf48e5838a3489f4da8803ab6cd83f61) Importer(815301076,1909f56bfc062723c751e8b465ee728b)  -> (artifact id: 'f1020a8e8dcf79b33baed8115d4d5bb5') in 0.020816 seconds
Number of updated asset objects reloaded before import = 0
Number of asset objects unloaded after import = 6
========================================================================
Received Import Request.
  Time since last request: 0.000013 seconds.
  path: Assets/Packages/Stylized Brick Materials/Materials/M_Brick04_Variant01.mat
  artifactKey: Guid(1aecaff51b2ae244c9826b86c7f9d6a7) Importer(815301076,1909f56bfc062723c751e8b465ee728b)
Start importing Assets/Packages/Stylized Brick Materials/Materials/M_Brick04_Variant01.mat using Guid(1aecaff51b2ae244c9826b86c7f9d6a7) Importer(815301076,1909f56bfc062723c751e8b465ee728b)  -> (artifact id: '41114da34f38598035cc8974f1a85122') in 0.018214 seconds
Number of updated asset objects reloaded before import = 0
Number of asset objects unloaded after import = 5
========================================================================
Received Import Request.
  Time since last request: 0.000014 seconds.
  path: Assets/Packages/Stylized Brick Materials/Materials/M_Brick03_Variant07.mat
  artifactKey: Guid(7049939c684dd914b9691852e2a02ff7) Importer(815301076,1909f56bfc062723c751e8b465ee728b)
Start importing Assets/Packages/Stylized Brick Materials/Materials/M_Brick03_Variant07.mat using Guid(7049939c684dd914b9691852e2a02ff7) Importer(815301076,1909f56bfc062723c751e8b465ee728b)  -> (artifact id: '8835dd9a53ef2656d81c7fbbc7160f64') in 0.020864 seconds
Number of updated asset objects reloaded before import = 0
Number of asset objects unloaded after import = 6
========================================================================
Received Import Request.
  Time since last request: 0.000015 seconds.
  path: Assets/Packages/Stylized Brick Materials/Materials/M_Brick01_Variant03.mat
  artifactKey: Guid(6600ba38b93d2de479d99d54f753b729) Importer(815301076,1909f56bfc062723c751e8b465ee728b)
Start importing Assets/Packages/Stylized Brick Materials/Materials/M_Brick01_Variant03.mat using Guid(6600ba38b93d2de479d99d54f753b729) Importer(815301076,1909f56bfc062723c751e8b465ee728b)  -> (artifact id: 'fc568d5db9c20fb81d66064736b529b8') in 0.020467 seconds
Number of updated asset objects reloaded before import = 0
Number of asset objects unloaded after import = 6
========================================================================
Received Import Request.
  Time since last request: 0.000019 seconds.
  path: Assets/Packages/Stylized Brick Materials/Materials/M_Brick03_Variant06.mat
  artifactKey: Guid(80fb7b98fd841464da8bf206b36b8103) Importer(815301076,1909f56bfc062723c751e8b465ee728b)
Start importing Assets/Packages/Stylized Brick Materials/Materials/M_Brick03_Variant06.mat using Guid(80fb7b98fd841464da8bf206b36b8103) Importer(815301076,1909f56bfc062723c751e8b465ee728b)  -> (artifact id: '3ccb795eddf88fe0304c363e93e19369') in 0.020983 seconds
Number of updated asset objects reloaded before import = 0
Number of asset objects unloaded after import = 6
========================================================================
Received Import Request.
  Time since last request: 0.000016 seconds.
  path: Assets/Packages/Stylized Brick Materials/Materials/M_Brick04_Variant03.mat
  artifactKey: Guid(42d337526ee1691458e8b1a5b9a315e1) Importer(815301076,1909f56bfc062723c751e8b465ee728b)
Start importing Assets/Packages/Stylized Brick Materials/Materials/M_Brick04_Variant03.mat using Guid(42d337526ee1691458e8b1a5b9a315e1) Importer(815301076,1909f56bfc062723c751e8b465ee728b)  -> (artifact id: '23d154a7eba3dfe14e8fac206cab30b7') in 0.022286 seconds
Number of updated asset objects reloaded before import = 0
Number of asset objects unloaded after import = 5
========================================================================
Received Import Request.
  Time since last request: 0.000020 seconds.
  path: Assets/Packages/Stylized Brick Materials/Materials/M_Brick03_Variant04.mat
  artifactKey: Guid(aec53cb1e4ef93a4e80eb2b7b420217c) Importer(815301076,1909f56bfc062723c751e8b465ee728b)
Start importing Assets/Packages/Stylized Brick Materials/Materials/M_Brick03_Variant04.mat using Guid(aec53cb1e4ef93a4e80eb2b7b420217c) Importer(815301076,1909f56bfc062723c751e8b465ee728b)  -> (artifact id: 'ab7d1131a490d2d5c74eca909ced5588') in 0.021600 seconds
Number of updated asset objects reloaded before import = 0
Number of asset objects unloaded after import = 6
========================================================================
Received Import Request.
  Time since last request: 0.000014 seconds.
  path: Assets/Packages/Stylized Brick Materials/Materials/M_Brick01_Variant02.mat
  artifactKey: Guid(c52059b96ac7ddc438a039673d11f56d) Importer(815301076,1909f56bfc062723c751e8b465ee728b)
Start importing Assets/Packages/Stylized Brick Materials/Materials/M_Brick01_Variant02.mat using Guid(c52059b96ac7ddc438a039673d11f56d) Importer(815301076,1909f56bfc062723c751e8b465ee728b)  -> (artifact id: '451d21a668a792cc90540b6a8c0dd03f') in 0.023846 seconds
Number of updated asset objects reloaded before import = 0
Number of asset objects unloaded after import = 6
========================================================================
Received Import Request.
  Time since last request: 0.000028 seconds.
  path: Assets/Packages/Stylized Brick Materials/Materials/M_Brick01_Variant04.mat
  artifactKey: Guid(6f6284b83c54d0246b535da6842d568c) Importer(815301076,1909f56bfc062723c751e8b465ee728b)
Start importing Assets/Packages/Stylized Brick Materials/Materials/M_Brick01_Variant04.mat using Guid(6f6284b83c54d0246b535da6842d568c) Importer(815301076,1909f56bfc062723c751e8b465ee728b)  -> (artifact id: '31949b9ee466ec0e346ad8120ed58e9b') in 0.021470 seconds
Number of updated asset objects reloaded before import = 0
Number of asset objects unloaded after import = 6
========================================================================
Received Import Request.
  Time since last request: 0.000030 seconds.
  path: Assets/Packages/Stylized Brick Materials/Materials/M_Brick03_Variant01.mat
  artifactKey: Guid(c6f0efbea3f82864486fc78ddd1e58c3) Importer(815301076,1909f56bfc062723c751e8b465ee728b)
Start importing Assets/Packages/Stylized Brick Materials/Materials/M_Brick03_Variant01.mat using Guid(c6f0efbea3f82864486fc78ddd1e58c3) Importer(815301076,1909f56bfc062723c751e8b465ee728b)  -> (artifact id: '53c06eb4a5b92b0a6cf65d6be8765cd7') in 0.019291 seconds
Number of updated asset objects reloaded before import = 0
Number of asset objects unloaded after import = 6
========================================================================
Received Import Request.
  Time since last request: 0.000029 seconds.
  path: Assets/Packages/Stylized Brick Materials/Materials/M_Stone02_Variant01.mat
  artifactKey: Guid(c4151470e2c373e4088e04228aa54211) Importer(815301076,1909f56bfc062723c751e8b465ee728b)
Start importing Assets/Packages/Stylized Brick Materials/Materials/M_Stone02_Variant01.mat using Guid(c4151470e2c373e4088e04228aa54211) Importer(815301076,1909f56bfc062723c751e8b465ee728b)  -> (artifact id: '8184c45203e15fe9d32a0932038e1874') in 0.019677 seconds
Number of updated asset objects reloaded before import = 0
Number of asset objects unloaded after import = 6
========================================================================
Received Import Request.
  Time since last request: 0.000023 seconds.
  path: Assets/Packages/Stylized Brick Materials/Materials/M_Brick04_Variant02.mat
  artifactKey: Guid(9667b2f081553994bb12948f00bb2402) Importer(815301076,1909f56bfc062723c751e8b465ee728b)
Start importing Assets/Packages/Stylized Brick Materials/Materials/M_Brick04_Variant02.mat using Guid(9667b2f081553994bb12948f00bb2402) Importer(815301076,1909f56bfc062723c751e8b465ee728b)  -> (artifact id: '53b1b479997ff2e90754c508209488bb') in 0.018426 seconds
Number of updated asset objects reloaded before import = 0
Number of asset objects unloaded after import = 5
Editor requested this worker to shutdown with reason: Scaling down because of idle timeout
TcpMessagingSession - receive error: operation aborted. errorcode: 995, details: The I/O operation has been aborted because of either a thread exit or an application request.
AssetImportWorker is now disconnected from the server
Process exiting
Exiting without the bug reporter. Application will terminate with return code 0